\BOOKMARK [1][-]{section.1}{Introdu\347\343o}{}% 1
\BOOKMARK [1][-]{section.2}{Desenvolvimento}{}% 2
\BOOKMARK [2][-]{subsection.2.1}{rot13}{section.2}% 3
\BOOKMARK [2][-]{subsection.2.2}{vector<string>}{section.2}% 4
\BOOKMARK [2][-]{subsection.2.3}{CWindow}{section.2}% 5
\BOOKMARK [3][-]{subsubsection.2.3.1}{Color}{subsection.2.3}% 6
\BOOKMARK [4][-]{paragraph.2.3.1.1}{M\351todos :}{subsubsection.2.3.1}% 7
\BOOKMARK [4][-]{paragraph.2.3.1.2}{Par\342metros}{subsubsection.2.3.1}% 8
\BOOKMARK [3][-]{subsubsection.2.3.2}{Canvas}{subsection.2.3}% 9
\BOOKMARK [4][-]{paragraph.2.3.2.1}{M\351todos :}{subsubsection.2.3.2}% 10
\BOOKMARK [4][-]{paragraph.2.3.2.2}{Par\342metros}{subsubsection.2.3.2}% 11
\BOOKMARK [3][-]{subsubsection.2.3.3}{CWindow}{subsection.2.3}% 12
\BOOKMARK [4][-]{paragraph.2.3.3.1}{M\351todos :}{subsubsection.2.3.3}% 13
\BOOKMARK [4][-]{paragraph.2.3.3.2}{Par\342metros}{subsubsection.2.3.3}% 14
\BOOKMARK [2][-]{subsection.2.4}{CWindowSingleton}{section.2}% 15
\BOOKMARK [3][-]{subsubsection.2.4.1}{M\351todo e variavel static}{subsection.2.4}% 16
\BOOKMARK [2][-]{subsection.2.5}{Racional}{section.2}% 17
\BOOKMARK [3][-]{subsubsection.2.5.1}{M\351todos}{subsection.2.5}% 18
\BOOKMARK [3][-]{subsubsection.2.5.2}{Par\342metros}{subsection.2.5}% 19
\BOOKMARK [2][-]{subsection.2.6}{IntegerSet}{section.2}% 20
\BOOKMARK [3][-]{subsubsection.2.6.1}{M\351todos}{subsection.2.6}% 21
\BOOKMARK [3][-]{subsubsection.2.6.2}{Par\342metros}{subsection.2.6}% 22
\BOOKMARK [2][-]{subsection.2.7}{Lista simplesmente encadeada}{section.2}% 23
\BOOKMARK [3][-]{subsubsection.2.7.1}{M\351todos}{subsection.2.7}% 24
\BOOKMARK [3][-]{subsubsection.2.7.2}{Par\342metros}{subsection.2.7}% 25
\BOOKMARK [2][-]{subsection.2.8}{Matriz}{section.2}% 26
\BOOKMARK [3][-]{subsubsection.2.8.1}{M\351todos}{subsection.2.8}% 27
\BOOKMARK [3][-]{subsubsection.2.8.2}{Par\342metros}{subsection.2.8}% 28
\BOOKMARK [1][-]{section.3}{Conclus\343o}{}% 29
\BOOKMARK [1][-]{section.4}{Bibliografia}{}% 30
