This is pdfTeX, Version 3.1415926-2.5-1.40.14 (MiKTeX 2.9 64-bit) (preloaded format=latex 2015.8.22)  6 NOV 2015 16:14
entering extended mode
**Relat√≥rio_TPIII.tex

("C:\Users\Mateus Fellipe\OneDrive\Engenharia de Sistemas\4¬∫ periodo\POO\POO_TPIII_DavidsonDias_MateusAlves\Relat√≥rio\
Relat√≥rio_TPIII.tex"
LaTeX2e <2011/06/27>
Babel <v3.8m> and hyphenation patterns for english, afrikaans, ancientgreek, arabic, armenian, assamese, basque, bengali
, bokmal, bulgarian, catalan, coptic, croatian, czech, danish, dutch, esperanto, estonian, farsi, finnish, french, galic
ian, german, german-x-2013-05-26, greek, gujarati, hindi, hungarian, icelandic, indonesian, interlingua, irish, italian,
 kannada, kurmanji, latin, latvian, lithuanian, malayalam, marathi, mongolian, mongolianlmc, monogreek, ngerman, ngerman
-x-2013-05-26, nynorsk, oriya, panjabi, pinyin, polish, portuguese, romanian, russian, sanskrit, serbian, slovak, sloven
ian, spanish, swedish, swissgerman, tamil, telugu, turkish, turkmen, ukenglish, ukrainian, uppersorbian, usenglishmax, w
elsh, loaded.
("C:\Program Files\MiKTeX 2.9\tex\latex\base\article.cls"
Document Class: article 2007/10/19 v1.4h Standard LaTeX document class
("C:\Program Files\MiKTeX 2.9\tex\latex\base\size12.clo"
File: size12.clo 2007/10/19 v1.4h Standard LaTeX file (size option)
)
\c@part=\count79
\c@section=\count80
\c@subsection=\count81
\c@subsubsection=\count82
\c@paragraph=\count83
\c@subparagraph=\count84
\c@figure=\count85
\c@table=\count86
\abovecaptionskip=\skip41
\belowcaptionskip=\skip42
\bibindent=\dimen102
) ("C:\Program Files\MiKTeX 2.9\tex\generic\babel\babel.sty"
Package: babel 2008/07/08 v3.8m The Babel package

*************************************
* Local config file bblopts.cfg used
*
("C:\Program Files\MiKTeX 2.9\tex\latex\00miktex\bblopts.cfg"
File: bblopts.cfg 2006/07/31 v1.0 MiKTeX 'babel' configuration
)
("C:\Program Files\MiKTeX 2.9\tex\generic\babel\portuges.ldf"
Language: portuges 2008/03/18 v1.2q Portuguese support from the babel system
 ("C:\Program Files\MiKTeX 2.9\tex\generic\babel\babel.def"
File: babel.def 2008/07/08 v3.8m Babel common definitions
\babel@savecnt=\count87
\U@D=\dimen103
)
\l@brazilian = a dialect from \language\l@portuges 
Package babel Info: Making " an active character on input line 145.
)) ("C:\Program Files\MiKTeX 2.9\tex\latex\base\inputenc.sty"
Package: inputenc 2008/03/30 v1.1d Input encoding file
\inpenc@prehook=\toks14
\inpenc@posthook=\toks15
 ("C:\Program Files\MiKTeX 2.9\tex\latex\base\ansinew.def"
File: ansinew.def 2008/03/30 v1.1d Input encoding file
)) ("C:\Program Files\MiKTeX 2.9\tex\latex\base\fontenc.sty"
Package: fontenc 2005/09/27 v1.99g Standard LaTeX package
 ("C:\Program Files\MiKTeX 2.9\tex\latex\base\t1enc.def"
File: t1enc.def 2005/09/27 v1.99g Standard LaTeX file
LaTeX Font Info:    Redeclaring font encoding T1 on input line 43.
))
("C:\Program Files\MiKTeX 2.9\tex\latex\lm\lmodern.sty"
Package: lmodern 2009/10/30 v1.6 Latin Modern Fonts
LaTeX Font Info:    Overwriting symbol font `operators' in version `normal'
(Font)                  OT1/cmr/m/n --> OT1/lmr/m/n on input line 22.
LaTeX Font Info:    Overwriting symbol font `letters' in version `normal'
(Font)                  OML/cmm/m/it --> OML/lmm/m/it on input line 23.
LaTeX Font Info:    Overwriting symbol font `symbols' in version `normal'
(Font)                  OMS/cmsy/m/n --> OMS/lmsy/m/n on input line 24.
LaTeX Font Info:    Overwriting symbol font `largesymbols' in version `normal'
(Font)                  OMX/cmex/m/n --> OMX/lmex/m/n on input line 25.
LaTeX Font Info:    Overwriting symbol font `operators' in version `bold'
(Font)                  OT1/cmr/bx/n --> OT1/lmr/bx/n on input line 26.
LaTeX Font Info:    Overwriting symbol font `letters' in version `bold'
(Font)                  OML/cmm/b/it --> OML/lmm/b/it on input line 27.
LaTeX Font Info:    Overwriting symbol font `symbols' in version `bold'
(Font)                  OMS/cmsy/b/n --> OMS/lmsy/b/n on input line 28.
LaTeX Font Info:    Overwriting symbol font `largesymbols' in version `bold'
(Font)                  OMX/cmex/m/n --> OMX/lmex/m/n on input line 29.
LaTeX Font Info:    Overwriting math alphabet `\mathbf' in version `normal'
(Font)                  OT1/cmr/bx/n --> OT1/lmr/bx/n on input line 31.
LaTeX Font Info:    Overwriting math alphabet `\mathsf' in version `normal'
(Font)                  OT1/cmss/m/n --> OT1/lmss/m/n on input line 32.
LaTeX Font Info:    Overwriting math alphabet `\mathit' in version `normal'
(Font)                  OT1/cmr/m/it --> OT1/lmr/m/it on input line 33.
LaTeX Font Info:    Overwriting math alphabet `\mathtt' in version `normal'
(Font)                  OT1/cmtt/m/n --> OT1/lmtt/m/n on input line 34.
LaTeX Font Info:    Overwriting math alphabet `\mathbf' in version `bold'
(Font)                  OT1/cmr/bx/n --> OT1/lmr/bx/n on input line 35.
LaTeX Font Info:    Overwriting math alphabet `\mathsf' in version `bold'
(Font)                  OT1/cmss/bx/n --> OT1/lmss/bx/n on input line 36.
LaTeX Font Info:    Overwriting math alphabet `\mathit' in version `bold'
(Font)                  OT1/cmr/bx/it --> OT1/lmr/bx/it on input line 37.
LaTeX Font Info:    Overwriting math alphabet `\mathtt' in version `bold'
(Font)                  OT1/cmtt/m/n --> OT1/lmtt/m/n on input line 38.
) ("C:\Program Files\MiKTeX 2.9\tex\latex\amsfonts\amsfonts.sty"
Package: amsfonts 2013/01/14 v3.01 Basic AMSFonts support
\@emptytoks=\toks16
\symAMSa=\mathgroup4
\symAMSb=\mathgroup5
LaTeX Font Info:    Overwriting math alphabet `\mathfrak' in version `bold'
(Font)                  U/euf/m/n --> U/euf/b/n on input line 106.
) ("C:\Program Files\MiKTeX 2.9\tex\latex\tools\enumerate.sty"
Package: enumerate 1999/03/05 v3.00 enumerate extensions (DPC)
\@enLab=\toks17
)
("C:\Users\Mateus Fellipe\OneDrive\Engenharia de Sistemas\4¬∫ periodo\POO\POO_TPIII_DavidsonDias_MateusAlves\Relat√≥rio\
Relat√≥rio_TPIII.aux")
LaTeX Font Info:    Checking defaults for OML/cmm/m/it on input line 19.
LaTeX Font Info:    ... okay on input line 19.
LaTeX Font Info:    Checking defaults for T1/cmr/m/n on input line 19.
LaTeX Font Info:    ... okay on input line 19.
LaTeX Font Info:    Checking defaults for OT1/cmr/m/n on input line 19.
LaTeX Font Info:    ... okay on input line 19.
LaTeX Font Info:    Checking defaults for OMS/cmsy/m/n on input line 19.
LaTeX Font Info:    ... okay on input line 19.
LaTeX Font Info:    Checking defaults for OMX/cmex/m/n on input line 19.
LaTeX Font Info:    ... okay on input line 19.
LaTeX Font Info:    Checking defaults for U/cmr/m/n on input line 19.
LaTeX Font Info:    ... okay on input line 19.
LaTeX Font Info:    Try loading font information for T1+lmr on input line 19.
 ("C:\Program Files\MiKTeX 2.9\tex\latex\lm\t1lmr.fd"
File: t1lmr.fd 2009/10/30 v1.6 Font defs for Latin Modern
)
LaTeX Font Info:    Try loading font information for OT1+lmr on input line 21.

("C:\Program Files\MiKTeX 2.9\tex\latex\lm\ot1lmr.fd"
File: ot1lmr.fd 2009/10/30 v1.6 Font defs for Latin Modern
)
LaTeX Font Info:    Try loading font information for OML+lmm on input line 21.
 ("C:\Program Files\MiKTeX 2.9\tex\latex\lm\omllmm.fd"
File: omllmm.fd 2009/10/30 v1.6 Font defs for Latin Modern
)
LaTeX Font Info:    Try loading font information for OMS+lmsy on input line 21.

("C:\Program Files\MiKTeX 2.9\tex\latex\lm\omslmsy.fd"
File: omslmsy.fd 2009/10/30 v1.6 Font defs for Latin Modern
)
LaTeX Font Info:    Try loading font information for OMX+lmex on input line 21.
 ("C:\Program Files\MiKTeX 2.9\tex\latex\lm\omxlmex.fd"
File: omxlmex.fd 2009/10/30 v1.6 Font defs for Latin Modern
)
LaTeX Font Info:    External font `lmex10' loaded for size
(Font)              <14.4> on input line 21.
LaTeX Font Info:    External font `lmex10' loaded for size
(Font)              <10> on input line 21.
LaTeX Font Info:    External font `lmex10' loaded for size
(Font)              <7> on input line 21.
LaTeX Font Info:    Try loading font information for U+msa on input line 21.

("C:\Program Files\MiKTeX 2.9\tex\latex\amsfonts\umsa.fd"
File: umsa.fd 2013/01/14 v3.01 AMS symbols A
)
LaTeX Font Info:    Try loading font information for U+msb on input line 21.
 ("C:\Program Files\MiKTeX 2.9\tex\latex\amsfonts\umsb.fd"
File: umsb.fd 2013/01/14 v3.01 AMS symbols B
)
[1

]
("C:\Users\Mateus Fellipe\OneDrive\Engenharia de Sistemas\4¬∫ periodo\POO\POO_TPIII_DavidsonDias_MateusAlves\Relat√≥rio\
Relat√≥rio_TPIII.toc"
LaTeX Font Info:    External font `lmex10' loaded for size
(Font)              <12> on input line 4.
LaTeX Font Info:    External font `lmex10' loaded for size
(Font)              <8> on input line 4.
LaTeX Font Info:    External font `lmex10' loaded for size
(Font)              <6> on input line 4.
)
\tf@toc=\write3
 [2]
Underfull \hbox (badness 10000) in paragraph at lines 30--34

 []


Underfull \hbox (badness 10000) in paragraph at lines 30--34

 []


Underfull \hbox (badness 10000) in paragraph at lines 39--42

 []


Underfull \hbox (badness 10000) in paragraph at lines 39--42

 []

LaTeX Font Info:    Try loading font information for OMS+lmr on input line 46.
("C:\Program Files\MiKTeX 2.9\tex\latex\lm\omslmr.fd"
File: omslmr.fd 2009/10/30 v1.6 Font defs for Latin Modern
)
LaTeX Font Info:    Font shape `OMS/lmr/m/n' in size <12> not available
(Font)              Font shape `OMS/lmsy/m/n' tried instead on input line 46.
 [3]
Underfull \hbox (badness 10000) in paragraph at lines 48--48

 []


Underfull \hbox (badness 10000) in paragraph at lines 53--55

 []

LaTeX Font Info:    Try loading font information for T1+lmtt on input line 59.
("C:\Program Files\MiKTeX 2.9\tex\latex\lm\t1lmtt.fd"
File: t1lmtt.fd 2009/10/30 v1.6 Font defs for Latin Modern
)
Overfull \hbox (34.57489pt too wide) in paragraph at lines 68--69
[]\T1/lmtt/m/n/12 friend std::ostream& operator << (std::ostream& op, const CVetor&
 []

[4]
Overfull \hbox (22.22488pt too wide) in paragraph at lines 69--70
[]\T1/lmtt/m/n/12 friend std::istream& operator >> (std::istream& op, CVetor& h). 
 []


Underfull \hbox (badness 10000) in paragraph at lines 75--77

 []

[5]
Underfull \hbox (badness 10000) in paragraph at lines 96--98

 []

[6]
Overfull \hbox (9.87488pt too wide) in paragraph at lines 111--112
[]\T1/lmtt/m/n/12 DataStrutures::CVetor operator*(const DataStrutures::CVetor&
 []


Overfull \hbox (46.9249pt too wide) in paragraph at lines 119--120
[]\T1/lmtt/m/n/12 friend std::ostream& operator << (std::ostream& op, const Matriz&); 
 []


Overfull \hbox (9.87488pt too wide) in paragraph at lines 120--121
[]\T1/lmtt/m/n/12 friend std::istream& operator >> (std::istream& op, Matriz&). 
 []


Underfull \hbox (badness 10000) in paragraph at lines 124--127

 []


Underfull \hbox (badness 10000) in paragraph at lines 124--127

 []


Underfull \hbox (badness 10000) in paragraph at lines 124--127

 []


Underfull \hbox (badness 10000) in paragraph at lines 129--134

 []


Underfull \hbox (badness 10000) in paragraph at lines 129--134

 []


Underfull \hbox (badness 10000) in paragraph at lines 129--134

 []


Underfull \hbox (badness 10000) in paragraph at lines 129--134

 []

[7]
Overfull \hbox (59.2749pt too wide) in paragraph at lines 152--153
[]\T1/lmtt/m/n/12 friend std::ostream& operator << (std::ostream& op, const Racional&); 
 []

[8]
Underfull \hbox (badness 10000) in paragraph at lines 159--163

 []


Underfull \hbox (badness 10000) in paragraph at lines 159--163

 []

[9]
Overfull \hbox (71.62491pt too wide) in paragraph at lines 185--186
[]\T1/lmtt/m/n/12 friend std::ostream& operator << (std::ostream& op, const IntegerSet&); 
 []


Overfull \hbox (34.57489pt too wide) in paragraph at lines 186--187
[]\T1/lmtt/m/n/12 friend std::istream& operator >> (std::istream& op, IntegerSet&); 
 []


Underfull \hbox (badness 10000) in paragraph at lines 194--196

 []

[10]
Underfull \hbox (badness 10000) in paragraph at lines 215--217

 []


Overfull \hbox (43.5088pt too wide) in paragraph at lines 220--222
 \T1/lmr/bx/n/12 2.5.2.1 \T1/lmr/bx/it/12 MÈ-to-dos :[] \T1/lmr/bx/n/12 set_fonte()\T1/lmr/m/n/12 , \T1/lmr/bx/n/12 set_
pena()\T1/lmr/m/n/12 , \T1/lmr/bx/n/12 set_pincel()\T1/lmr/m/n/12 , \T1/lmr/bx/n/12 set_tamanho()
 []


Underfull \hbox (badness 10000) in paragraph at lines 220--222

 []


Overfull \hbox (39.89394pt too wide) in paragraph at lines 220--222
\T1/lmr/bx/n/12 get_fonte()\T1/lmr/m/n/12 , \T1/lmr/bx/n/12 get_pena()\T1/lmr/m/n/12 , \T1/lmr/bx/n/12 get_pincel()\T1/l
mr/m/n/12 , \T1/lmr/bx/n/12 get_tamanho() \T1/lmr/m/n/12 e \T1/lmr/bx/n/12 get_tipo_fonte()
 []


Overfull \hbox (40.7499pt too wide) in paragraph at lines 227--228
[]\T1/lmtt/m/n/12 Canvas( const int tam_fonte, const string tip_fonte, const string
 []

[11]
Underfull \hbox (badness 10000) in paragraph at lines 252--255

 []


Underfull \hbox (badness 10000) in paragraph at lines 252--255

 []


Underfull \hbox (badness 10000) in paragraph at lines 257--266

 []


Underfull \hbox (badness 10000) in paragraph at lines 257--266

 []


Underfull \hbox (badness 10000) in paragraph at lines 257--266

 []


Underfull \hbox (badness 10000) in paragraph at lines 257--266

 []


Underfull \hbox (badness 10000) in paragraph at lines 257--266

 []


Underfull \hbox (badness 10000) in paragraph at lines 257--266

 []


Underfull \hbox (badness 10000) in paragraph at lines 257--266

 []


Underfull \hbox (badness 10000) in paragraph at lines 257--266

 []

[12]
Overfull \hbox (53.0999pt too wide) in paragraph at lines 273--274
[]\T1/lmtt/m/n/12 friend std::ostream& operator << (std::ostream& op, const CWindow&); 
 []


Overfull \hbox (16.04988pt too wide) in paragraph at lines 274--275
[]\T1/lmtt/m/n/12 friend std::istream& operator >> (std::istream& op, CWindow&); 
 []


Overfull \hbox (46.9249pt too wide) in paragraph at lines 275--276
[]\T1/lmtt/m/n/12 CWindow(const int newx=0,const int newy=0,const int newcx=10,const
 []


Overfull \hbox (65.4499pt too wide) in paragraph at lines 275--276
\T1/lmtt/m/n/12 int newcy=10, const int tam_fonte=12, const string tip_fonte="Arial",
 []


Overfull \hbox (40.7499pt too wide) in paragraph at lines 275--276
\T1/lmtt/m/n/12 const string font="preto", const string pen="preto", const string
 []

[13]
Underfull \hbox (badness 10000) in paragraph at lines 294--296

 []


Underfull \hbox (badness 10000) in paragraph at lines 307--310

 []


Underfull \hbox (badness 10000) in paragraph at lines 307--310

 []

[14]
Underfull \hbox (badness 10000) in paragraph at lines 321--324

 []

[15]
Overfull \hbox (3.69987pt too wide) in paragraph at lines 329--330
[]\T1/lmtt/m/n/12 Lista_encadeada operator + (const Lista_encadeada& ) const; 
 []


Overfull \hbox (90.14992pt too wide) in paragraph at lines 338--339
[]\T1/lmtt/m/n/12 friend std::ostream& operator << (std::ostream& op, const Lista_encadeada&
 []


Overfull \hbox (65.4499pt too wide) in paragraph at lines 339--340
[]\T1/lmtt/m/n/12 friend std::istream& operator >> (std::istream& op, Lista_encadeada&). 
 []

[16] [17]
("C:\Users\Mateus Fellipe\OneDrive\Engenharia de Sistemas\4¬∫ periodo\POO\POO_TPIII_DavidsonDias_MateusAlves\Relat√≥rio\
Relat√≥rio_TPIII.aux") ) 
Here is how much of TeX's memory you used:
 1132 strings out of 493922
 15593 string characters out of 3147278
 64268 words of memory out of 3000000
 4417 multiletter control sequences out of 15000+200000
 69177 words of font info for 60 fonts, out of 3000000 for 9000
 841 hyphenation exceptions out of 8191
 24i,6n,24p,773b,201s stack positions out of 5000i,500n,10000p,200000b,50000s

Output written on Relat√≥rio_TPIII.dvi (17 pages, 42872 bytes).
